<?xml version="1.0" encoding="UTF-8"?>
<!-- Generated by org.testng.reporters.JUnitReportReporter -->
<testsuite hostname="janu" failures="0" tests="10" name="com.comprehensive_hybrid.runner.Runner" time="78.654" errors="0" timestamp="2021-09-27T17:18:03 IST" skipped="1">
  <testcase classname="com.comprehensive_hybrid.runner.Runner" name="Login" time="11.215"/>
  <system-out/>
  <testcase classname="com.comprehensive_hybrid.runner.Runner" name="DiningTable" time="0.000">
    <skipped/>
  </testcase> <!-- DiningTable -->
  <system-out/>
  <testcase classname="com.comprehensive_hybrid.runner.Runner" name="Sale" time="10.354"/>
  <system-out/>
  <testcase classname="com.comprehensive_hybrid.runner.Runner" name="Living" time="8.999"/>
  <system-out/>
  <testcase classname="com.comprehensive_hybrid.runner.Runner" name="Bedroom" time="8.912"/>
  <system-out/>
  <testcase classname="com.comprehensive_hybrid.runner.Runner" name="Storage" time="9.144"/>
  <system-out/>
  <testcase classname="com.comprehensive_hybrid.runner.Runner" name="Study" time="8.483"/>
  <system-out/>
  <testcase classname="com.comprehensive_hybrid.runner.Runner" name="Kids" time="8.414"/>
  <system-out/>
  <testcase classname="com.comprehensive_hybrid.runner.Runner" name="GiftCard" time="10.233"/>
  <system-out/>
  <testcase classname="com.comprehensive_hybrid.runner.Runner" name="BulkOrder" time="2.900"/>
  <system-out/>
</testsuite> <!-- com.comprehensive_hybrid.runner.Runner -->
